<?xml version="1.0" encoding="UTF-8"?>
<testsuite name="com.virginatlantic.myflightdata.MyflightdataApplicationTests" tests="4" skipped="0" failures="0" errors="0" timestamp="2022-05-03T22:57:37" hostname="OJOs-MacBook-Pro.local" time="0.45">
  <properties/>
  <testcase name="validateFlightDayWednesday()" classname="com.virginatlantic.myflightdata.MyflightdataApplicationTests" time="0.42"/>
  <testcase name="validateLastFlightTimeIs1535()" classname="com.virginatlantic.myflightdata.MyflightdataApplicationTests" time="0.013"/>
  <testcase name="contextLoads()" classname="com.virginatlantic.myflightdata.MyflightdataApplicationTests" time="0.003"/>
  <testcase name="validateFlightToTobagoOnSunday()" classname="com.virginatlantic.myflightdata.MyflightdataApplicationTests" time="0.008"/>
  <system-out><![CDATA[23:57:29.481 [Test worker] DEBUG org.springframework.test.context.BootstrapUtils - Instantiating CacheAwareContextLoaderDelegate from class [org.springframework.test.context.cache.DefaultCacheAwareContextLoaderDelegate]
23:57:29.491 [Test worker] DEBUG org.springframework.test.context.BootstrapUtils - Instantiating BootstrapContext using constructor [public org.springframework.test.context.support.DefaultBootstrapContext(java.lang.Class,org.springframework.test.context.CacheAwareContextLoaderDelegate)]
23:57:29.525 [Test worker] DEBUG org.springframework.test.context.BootstrapUtils - Instantiating TestContextBootstrapper for test class [com.virginatlantic.myflightdata.MyflightdataApplicationTests] from class [org.springframework.boot.test.context.SpringBootTestContextBootstrapper]
23:57:29.539 [Test worker] INFO org.springframework.boot.test.context.SpringBootTestContextBootstrapper - Neither @ContextConfiguration nor @ContextHierarchy found for test class [com.virginatlantic.myflightdata.MyflightdataApplicationTests], using SpringBootContextLoader
23:57:29.544 [Test worker] DEBUG org.springframework.test.context.support.AbstractContextLoader - Did not detect default resource location for test class [com.virginatlantic.myflightdata.MyflightdataApplicationTests]: class path resource [com/virginatlantic/myflightdata/MyflightdataApplicationTests-context.xml] does not exist
23:57:29.545 [Test worker] DEBUG org.springframework.test.context.support.AbstractContextLoader - Did not detect default resource location for test class [com.virginatlantic.myflightdata.MyflightdataApplicationTests]: class path resource [com/virginatlantic/myflightdata/MyflightdataApplicationTestsContext.groovy] does not exist
23:57:29.545 [Test worker] INFO org.springframework.test.context.support.AbstractContextLoader - Could not detect default resource locations for test class [com.virginatlantic.myflightdata.MyflightdataApplicationTests]: no resource found for suffixes {-context.xml, Context.groovy}.
23:57:29.546 [Test worker] INFO org.springframework.test.context.support.AnnotationConfigContextLoaderUtils - Could not detect default configuration classes for test class [com.virginatlantic.myflightdata.MyflightdataApplicationTests]: MyflightdataApplicationTests does not declare any static, non-private, non-final, nested classes annotated with @Configuration.
23:57:29.588 [Test worker] DEBUG org.springframework.test.context.support.ActiveProfilesUtils - Could not find an 'annotation declaring class' for annotation type [org.springframework.test.context.ActiveProfiles] and class [com.virginatlantic.myflightdata.MyflightdataApplicationTests]
23:57:29.654 [Test worker] DEBUG org.springframework.context.annotation.ClassPathScanningCandidateComponentProvider - Identified candidate component class: file [/Users/ojotaiwoakeem/eclipse-workspace/myflightdata/build/classes/java/main/com/virginatlantic/myflightdata/MyflightdataApplication.class]
23:57:29.655 [Test worker] INFO org.springframework.boot.test.context.SpringBootTestContextBootstrapper - Found @SpringBootConfiguration com.virginatlantic.myflightdata.MyflightdataApplication for test class com.virginatlantic.myflightdata.MyflightdataApplicationTests
23:57:29.752 [Test worker] DEBUG org.springframework.boot.test.context.SpringBootTestContextBootstrapper - @TestExecutionListeners is not present for class [com.virginatlantic.myflightdata.MyflightdataApplicationTests]: using defaults.
23:57:29.752 [Test worker] INFO org.springframework.boot.test.context.SpringBootTestContextBootstrapper - Loaded default TestExecutionListener class names from location [META-INF/spring.factories]: [org.springframework.boot.test.autoconfigure.restdocs.RestDocsTestExecutionListener, org.springframework.boot.test.autoconfigure.web.client.MockRestServiceServerResetTestExecutionListener, org.springframework.boot.test.autoconfigure.web.servlet.MockMvcPrintOnlyOnFailureTestExecutionListener, org.springframework.boot.test.autoconfigure.web.servlet.WebDriverTestExecutionListener, org.springframework.boot.test.autoconfigure.webservices.client.MockWebServiceServerTestExecutionListener, org.springframework.boot.test.mock.mockito.MockitoTestExecutionListener, org.springframework.boot.test.mock.mockito.ResetMocksTestExecutionListener, org.springframework.test.context.web.ServletTestExecutionListener, org.springframework.test.context.support.DirtiesContextBeforeModesTestExecutionListener, org.springframework.test.context.event.ApplicationEventsTestExecutionListener, org.springframework.test.context.support.DependencyInjectionTestExecutionListener, org.springframework.test.context.support.DirtiesContextTestExecutionListener, org.springframework.test.context.transaction.TransactionalTestExecutionListener, org.springframework.test.context.jdbc.SqlScriptsTestExecutionListener, org.springframework.test.context.event.EventPublishingTestExecutionListener]
23:57:29.764 [Test worker] DEBUG org.springframework.boot.test.context.SpringBootTestContextBootstrapper - Skipping candidate TestExecutionListener [org.springframework.test.context.transaction.TransactionalTestExecutionListener] due to a missing dependency. Specify custom listener classes or make the default listener classes and their required dependencies available. Offending class: [org/springframework/transaction/interceptor/TransactionAttributeSource]
23:57:29.764 [Test worker] DEBUG org.springframework.boot.test.context.SpringBootTestContextBootstrapper - Skipping candidate TestExecutionListener [org.springframework.test.context.jdbc.SqlScriptsTestExecutionListener] due to a missing dependency. Specify custom listener classes or make the default listener classes and their required dependencies available. Offending class: [org/springframework/transaction/interceptor/TransactionAttribute]
23:57:29.765 [Test worker] INFO org.springframework.boot.test.context.SpringBootTestContextBootstrapper - Using TestExecutionListeners: [org.springframework.test.context.web.ServletTestExecutionListener@327120c8, org.springframework.test.context.support.DirtiesContextBeforeModesTestExecutionListener@5707c1cb, org.springframework.test.context.event.ApplicationEventsTestExecutionListener@2b5cb9b2, org.springframework.boot.test.mock.mockito.MockitoTestExecutionListener@35038141, org.springframework.boot.test.autoconfigure.SpringBootDependencyInjectionTestExecutionListener@ecf9049, org.springframework.test.context.support.DirtiesContextTestExecutionListener@672f11c2, org.springframework.test.context.event.EventPublishingTestExecutionListener@2970a5bc, org.springframework.boot.test.autoconfigure.restdocs.RestDocsTestExecutionListener@50305a, org.springframework.boot.test.autoconfigure.web.client.MockRestServiceServerResetTestExecutionListener@72efb5c1, org.springframework.boot.test.autoconfigure.web.servlet.MockMvcPrintOnlyOnFailureTestExecutionListener@6d511b5f, org.springframework.boot.test.autoconfigure.web.servlet.WebDriverTestExecutionListener@41200e0c, org.springframework.boot.test.autoconfigure.webservices.client.MockWebServiceServerTestExecutionListener@40f33492, org.springframework.boot.test.mock.mockito.ResetMocksTestExecutionListener@4fbdc0f0]
23:57:29.768 [Test worker] DEBUG org.springframework.test.context.support.AbstractDirtiesContextTestExecutionListener - Before test class: context [DefaultTestContext@e3cee7b testClass = MyflightdataApplicationTests, testInstance = [null], testMethod = [null], testException = [null], mergedContextConfiguration = [WebMergedContextConfiguration@71e9a896 testClass = MyflightdataApplicationTests, locations = '{}', classes = '{class com.virginatlantic.myflightdata.MyflightdataApplication}', contextInitializerClasses = '[]', activeProfiles = '{}', propertySourceLocations = '{}', propertySourceProperties = '{org.springframework.boot.test.context.SpringBootTestContextBootstrapper=true}', contextCustomizers = set[org.springframework.boot.test.autoconfigure.actuate.metrics.MetricsExportContextCustomizerFactory$DisableMetricExportContextCustomizer@47a86fbb, org.springframework.boot.test.autoconfigure.properties.PropertyMappingContextCustomizer@0, org.springframework.boot.test.autoconfigure.web.servlet.WebDriverContextCustomizerFactory$Customizer@1ae67cad, org.springframework.boot.test.context.filter.ExcludeFilterContextCustomizer@463b4ac8, org.springframework.boot.test.json.DuplicateJsonObjectContextCustomizerFactory$DuplicateJsonObjectContextCustomizer@f001896, org.springframework.boot.test.mock.mockito.MockitoContextCustomizer@0, org.springframework.boot.test.web.client.TestRestTemplateContextCustomizer@45905bff, org.springframework.boot.test.context.SpringBootTestArgs@1, org.springframework.boot.test.context.SpringBootTestWebEnvironment@45385f75], resourceBasePath = 'src/main/webapp', contextLoader = 'org.springframework.boot.test.context.SpringBootContextLoader', parent = [null]], attributes = map['org.springframework.test.context.web.ServletTestExecutionListener.activateListener' -> true]], class annotated with @DirtiesContext [false] with mode [null].

  .   ____          _            __ _ _
 /\\ / ___'_ __ _ _(_)_ __  __ _ \ \ \ \
( ( )\___ | '_ | '_| | '_ \/ _` | \ \ \ \
 \\/  ___)| |_)| | | | | || (_| |  ) ) ) )
  '  |____| .__|_| |_|_| |_\__, | / / / /
 =========|_|==============|___/=/_/_/_/
 :: Spring Boot ::                (v2.6.7)

2022-05-03 23:57:35.100  INFO 27190 --- [    Test worker] c.v.m.MyflightdataApplicationTests       : Starting MyflightdataApplicationTests using Java 11.0.12 on OJOs-MacBook-Pro.local with PID 27190 (started by ojotaiwoakeem in /Users/ojotaiwoakeem/eclipse-workspace/myflightdata)
2022-05-03 23:57:35.101  INFO 27190 --- [    Test worker] c.v.m.MyflightdataApplicationTests       : No active profile set, falling back to 1 default profile: "default"
2022-05-03 23:57:37.032  INFO 27190 --- [    Test worker] c.v.m.MyflightdataApplicationTests       : Started MyflightdataApplicationTests in 7.214 seconds (JVM running for 8.388)
Day of Flight Input Wednesday
List Found 7
Day of Flight Input Saturday
List Found 6
Day of Flight Input Sunday
List Found 9
]]></system-out>
  <system-err><![CDATA[]]></system-err>
</testsuite>
